2025-08-17T12:40:32.831+07:00  INFO 3168 --- [main] com.bookstore.BookstoreWebApplication    : Starting BookstoreWebApplication using Java 21.0.8 with PID 3168 (D:\Study\Term6\DSA\Bookstore\bookstore\app\build\classes\java\main started by agnes in D:\Study\Term6\DSA\Bookstore\bookstore\app)
2025-08-17T12:40:32.834+07:00  INFO 3168 --- [main] com.bookstore.BookstoreWebApplication    : No active profile set, falling back to 1 default profile: "default"
2025-08-17T12:40:35.884+07:00  INFO 3168 --- [main] o.s.b.w.embedded.tomcat.TomcatWebServer  : Tomcat initialized with port 8080 (http)
2025-08-17T12:40:35.902+07:00  INFO 3168 --- [main] o.apache.catalina.core.StandardService   : Starting service [Tomcat]
2025-08-17T12:40:35.902+07:00  INFO 3168 --- [main] o.apache.catalina.core.StandardEngine    : Starting Servlet engine: [Apache Tomcat/10.1.16]
2025-08-17T12:40:35.990+07:00  INFO 3168 --- [main] o.a.c.c.C.[Tomcat].[localhost].[/]       : Initializing Spring embedded WebApplicationContext
2025-08-17T12:40:35.990+07:00  INFO 3168 --- [main] w.s.c.ServletWebServerApplicationContext : Root WebApplicationContext: initialization completed in 3101 ms
2025-08-17T12:40:36.030+07:00 ERROR 3168 --- [main] o.s.b.web.embedded.tomcat.TomcatStarter  : Error starting Tomcat context. Exception: org.springframework.beans.factory.UnsatisfiedDependencyException. Message: Error creating bean with name 'jwtAuthenticationFilter': Unsatisfied dependency expressed through field 'userService': Error creating bean with name 'userService': Unsatisfied dependency expressed through field 'userDAO': No qualifying bean of type 'com.bookstore.dao.UserDAO' available: expected at least 1 bean which qualifies as autowire candidate. Dependency annotations: {@org.springframework.beans.factory.annotation.Autowired(required=true)}
2025-08-17T12:40:36.058+07:00  INFO 3168 --- [main] o.apache.catalina.core.StandardService   : Stopping service [Tomcat]
2025-08-17T12:40:36.072+07:00  WARN 3168 --- [main] ConfigServletWebServerApplicationContext : Exception encountered during context initialization - cancelling refresh attempt: org.springframework.context.ApplicationContextException: Unable to start web server
2025-08-17T12:40:36.082+07:00  INFO 3168 --- [main] .s.b.a.l.ConditionEvaluationReportLogger : 

Error starting ApplicationContext. To display the condition evaluation report re-run your application with 'debug' enabled.
2025-08-17T12:40:36.104+07:00 ERROR 3168 --- [main] o.s.b.d.LoggingFailureAnalysisReporter   : 

***************************
APPLICATION FAILED TO START
***************************

Description:

Field userDAO in com.bookstore.service.UserService required a bean of type 'com.bookstore.dao.UserDAO' that could not be found.

The injection point has the following annotations:
	- @org.springframework.beans.factory.annotation.Autowired(required=true)


Action:

Consider defining a bean of type 'com.bookstore.dao.UserDAO' in your configuration.

2025-08-17T12:46:19.649+07:00  INFO 12812 --- [main] com.bookstore.BookstoreWebApplication    : Starting BookstoreWebApplication using Java 21.0.8 with PID 12812 (D:\Study\Term6\DSA\Bookstore\bookstore\app\build\classes\java\main started by agnes in D:\Study\Term6\DSA\Bookstore\bookstore\app)
2025-08-17T12:46:19.652+07:00  INFO 12812 --- [main] com.bookstore.BookstoreWebApplication    : No active profile set, falling back to 1 default profile: "default"
2025-08-17T12:46:21.297+07:00  INFO 12812 --- [main] o.s.b.w.embedded.tomcat.TomcatWebServer  : Tomcat initialized with port 8080 (http)
2025-08-17T12:46:21.307+07:00  INFO 12812 --- [main] o.apache.catalina.core.StandardService   : Starting service [Tomcat]
2025-08-17T12:46:21.308+07:00  INFO 12812 --- [main] o.apache.catalina.core.StandardEngine    : Starting Servlet engine: [Apache Tomcat/10.1.16]
2025-08-17T12:46:21.376+07:00  INFO 12812 --- [main] o.a.c.c.C.[Tomcat].[localhost].[/]       : Initializing Spring embedded WebApplicationContext
2025-08-17T12:46:21.376+07:00  INFO 12812 --- [main] w.s.c.ServletWebServerApplicationContext : Root WebApplicationContext: initialization completed in 1674 ms
2025-08-17T12:46:21.419+07:00 ERROR 12812 --- [main] o.s.b.web.embedded.tomcat.TomcatStarter  : Error starting Tomcat context. Exception: org.springframework.beans.factory.UnsatisfiedDependencyException. Message: Error creating bean with name 'jwtAuthenticationFilter': Unsatisfied dependency expressed through field 'userService': Error creating bean with name 'userService': Unsatisfied dependency expressed through field 'passwordEncoder': Error creating bean with name 'securityConfig': Unsatisfied dependency expressed through field 'userService': Error creating bean with name 'userService': Requested bean is currently in creation: Is there an unresolvable circular reference?
2025-08-17T12:46:21.446+07:00  INFO 12812 --- [main] o.apache.catalina.core.StandardService   : Stopping service [Tomcat]
2025-08-17T12:46:21.459+07:00  WARN 12812 --- [main] ConfigServletWebServerApplicationContext : Exception encountered during context initialization - cancelling refresh attempt: org.springframework.context.ApplicationContextException: Unable to start web server
2025-08-17T12:46:21.468+07:00  INFO 12812 --- [main] .s.b.a.l.ConditionEvaluationReportLogger : 

Error starting ApplicationContext. To display the condition evaluation report re-run your application with 'debug' enabled.
2025-08-17T12:46:21.484+07:00 ERROR 12812 --- [main] o.s.b.d.LoggingFailureAnalysisReporter   : 

***************************
APPLICATION FAILED TO START
***************************

Description:

The dependencies of some of the beans in the application context form a cycle:

   jwtAuthenticationFilter (field private com.bookstore.service.UserService com.bookstore.security.JwtAuthenticationFilter.userService)
┌─────┐
|  userService (field private org.springframework.security.crypto.password.PasswordEncoder com.bookstore.service.UserService.passwordEncoder)
↑     ↓
|  securityConfig (field private com.bookstore.service.UserService com.bookstore.security.SecurityConfig.userService)
└─────┘


Action:

Relying upon circular references is discouraged and they are prohibited by default. Update your application to remove the dependency cycle between beans. As a last resort, it may be possible to break the cycle automatically by setting spring.main.allow-circular-references to true.

2025-08-17T15:41:49.422+07:00  INFO 17664 --- [main] com.bookstore.BookstoreWebApplication    : Starting BookstoreWebApplication using Java 21.0.8 with PID 17664 (D:\Study\Term6\DSA\Bookstore\bookstore\app\build\classes\java\main started by agnes in D:\Study\Term6\DSA\Bookstore\bookstore\app)
2025-08-17T15:41:49.424+07:00  INFO 17664 --- [main] com.bookstore.BookstoreWebApplication    : No active profile set, falling back to 1 default profile: "default"
2025-08-17T15:41:50.655+07:00  INFO 17664 --- [main] o.s.b.w.embedded.tomcat.TomcatWebServer  : Tomcat initialized with port 8080 (http)
2025-08-17T15:41:50.665+07:00  INFO 17664 --- [main] o.apache.catalina.core.StandardService   : Starting service [Tomcat]
2025-08-17T15:41:50.665+07:00  INFO 17664 --- [main] o.apache.catalina.core.StandardEngine    : Starting Servlet engine: [Apache Tomcat/10.1.16]
2025-08-17T15:41:50.731+07:00  INFO 17664 --- [main] o.a.c.c.C.[Tomcat].[localhost].[/]       : Initializing Spring embedded WebApplicationContext
2025-08-17T15:41:50.731+07:00  INFO 17664 --- [main] w.s.c.ServletWebServerApplicationContext : Root WebApplicationContext: initialization completed in 1257 ms
2025-08-17T15:41:50.772+07:00 ERROR 17664 --- [main] o.s.b.web.embedded.tomcat.TomcatStarter  : Error starting Tomcat context. Exception: org.springframework.beans.factory.UnsatisfiedDependencyException. Message: Error creating bean with name 'jwtAuthenticationFilter': Unsatisfied dependency expressed through field 'userService': Error creating bean with name 'userService': Unsatisfied dependency expressed through field 'passwordEncoder': Error creating bean with name 'securityConfig': Unsatisfied dependency expressed through field 'userService': Error creating bean with name 'userService': Requested bean is currently in creation: Is there an unresolvable circular reference?
2025-08-17T15:41:50.807+07:00  INFO 17664 --- [main] o.apache.catalina.core.StandardService   : Stopping service [Tomcat]
2025-08-17T15:41:50.825+07:00  WARN 17664 --- [main] ConfigServletWebServerApplicationContext : Exception encountered during context initialization - cancelling refresh attempt: org.springframework.context.ApplicationContextException: Unable to start web server
2025-08-17T15:41:50.835+07:00  INFO 17664 --- [main] .s.b.a.l.ConditionEvaluationReportLogger : 

Error starting ApplicationContext. To display the condition evaluation report re-run your application with 'debug' enabled.
2025-08-17T15:41:50.868+07:00 ERROR 17664 --- [main] o.s.b.d.LoggingFailureAnalysisReporter   : 

***************************
APPLICATION FAILED TO START
***************************

Description:

The dependencies of some of the beans in the application context form a cycle:

   jwtAuthenticationFilter (field private com.bookstore.service.UserService com.bookstore.security.JwtAuthenticationFilter.userService)
┌─────┐
|  userService (field private org.springframework.security.crypto.password.PasswordEncoder com.bookstore.service.UserService.passwordEncoder)
↑     ↓
|  securityConfig (field private com.bookstore.service.UserService com.bookstore.security.SecurityConfig.userService)
└─────┘


Action:

Relying upon circular references is discouraged and they are prohibited by default. Update your application to remove the dependency cycle between beans. As a last resort, it may be possible to break the cycle automatically by setting spring.main.allow-circular-references to true.

2025-08-17T15:53:02.645+07:00  INFO 15068 --- [main] com.bookstore.BookstoreWebApplication    : Starting BookstoreWebApplication using Java 21.0.8 with PID 15068 (D:\Study\Term6\DSA\Bookstore\bookstore\app\build\classes\java\main started by agnes in D:\Study\Term6\DSA\Bookstore\bookstore\app)
2025-08-17T15:53:02.647+07:00  INFO 15068 --- [main] com.bookstore.BookstoreWebApplication    : No active profile set, falling back to 1 default profile: "default"
2025-08-17T15:53:05.189+07:00  INFO 15068 --- [main] o.s.b.w.embedded.tomcat.TomcatWebServer  : Tomcat initialized with port 8080 (http)
2025-08-17T15:53:05.202+07:00  INFO 15068 --- [main] o.apache.catalina.core.StandardService   : Starting service [Tomcat]
2025-08-17T15:53:05.203+07:00  INFO 15068 --- [main] o.apache.catalina.core.StandardEngine    : Starting Servlet engine: [Apache Tomcat/10.1.16]
2025-08-17T15:53:05.279+07:00  INFO 15068 --- [main] o.a.c.c.C.[Tomcat].[localhost].[/]       : Initializing Spring embedded WebApplicationContext
2025-08-17T15:53:05.279+07:00  INFO 15068 --- [main] w.s.c.ServletWebServerApplicationContext : Root WebApplicationContext: initialization completed in 2585 ms
2025-08-17T15:53:05.639+07:00  WARN 15068 --- [main] ConfigServletWebServerApplicationContext : Exception encountered during context initialization - cancelling refresh attempt: org.springframework.beans.factory.UnsatisfiedDependencyException: Error creating bean with name 'adminDashboardController': Unsatisfied dependency expressed through field 'adminQueueService': No qualifying bean of type 'com.bookstore.service.AdminQueueService' available: expected at least 1 bean which qualifies as autowire candidate. Dependency annotations: {@org.springframework.beans.factory.annotation.Autowired(required=true)}
2025-08-17T15:53:05.642+07:00  INFO 15068 --- [main] o.apache.catalina.core.StandardService   : Stopping service [Tomcat]
2025-08-17T15:53:05.671+07:00  INFO 15068 --- [main] .s.b.a.l.ConditionEvaluationReportLogger : 

Error starting ApplicationContext. To display the condition evaluation report re-run your application with 'debug' enabled.
2025-08-17T15:53:05.705+07:00 ERROR 15068 --- [main] o.s.b.d.LoggingFailureAnalysisReporter   : 

***************************
APPLICATION FAILED TO START
***************************

Description:

Field adminQueueService in com.bookstore.web.controller.AdminDashboardController required a bean of type 'com.bookstore.service.AdminQueueService' that could not be found.

The injection point has the following annotations:
	- @org.springframework.beans.factory.annotation.Autowired(required=true)


Action:

Consider defining a bean of type 'com.bookstore.service.AdminQueueService' in your configuration.

2025-08-17T16:05:04.657+07:00  INFO 17344 --- [main] com.bookstore.BookstoreWebApplication    : Starting BookstoreWebApplication using Java 21.0.8 with PID 17344 (D:\Study\Term6\DSA\Bookstore\bookstore\app\build\classes\java\main started by agnes in D:\Study\Term6\DSA\Bookstore\bookstore\app)
2025-08-17T16:05:04.659+07:00  INFO 17344 --- [main] com.bookstore.BookstoreWebApplication    : No active profile set, falling back to 1 default profile: "default"
2025-08-17T16:05:06.204+07:00  INFO 17344 --- [main] o.s.b.w.embedded.tomcat.TomcatWebServer  : Tomcat initialized with port 8080 (http)
2025-08-17T16:05:06.214+07:00  INFO 17344 --- [main] o.apache.catalina.core.StandardService   : Starting service [Tomcat]
2025-08-17T16:05:06.215+07:00  INFO 17344 --- [main] o.apache.catalina.core.StandardEngine    : Starting Servlet engine: [Apache Tomcat/10.1.16]
2025-08-17T16:05:06.287+07:00  INFO 17344 --- [main] o.a.c.c.C.[Tomcat].[localhost].[/]       : Initializing Spring embedded WebApplicationContext
2025-08-17T16:05:06.288+07:00  INFO 17344 --- [main] w.s.c.ServletWebServerApplicationContext : Root WebApplicationContext: initialization completed in 1577 ms
2025-08-17T16:05:06.848+07:00  INFO 17344 --- [main] o.s.b.a.w.s.WelcomePageHandlerMapping    : Adding welcome page template: index
2025-08-17T16:05:07.149+07:00  INFO 17344 --- [main] o.s.s.web.DefaultSecurityFilterChain     : Will secure any request with [org.springframework.security.web.session.DisableEncodeUrlFilter@2a2dc0a, org.springframework.security.web.context.request.async.WebAsyncManagerIntegrationFilter@3a00b15d, org.springframework.security.web.context.SecurityContextHolderFilter@2accaec2, org.springframework.security.web.header.HeaderWriterFilter@5529ff44, org.springframework.web.filter.CorsFilter@36ef1d65, org.springframework.security.web.authentication.logout.LogoutFilter@6ac4c3f7, com.bookstore.security.JwtAuthenticationFilter@27d33393, org.springframework.security.web.savedrequest.RequestCacheAwareFilter@83bb0f, org.springframework.security.web.servletapi.SecurityContextHolderAwareRequestFilter@25a94b55, org.springframework.security.web.authentication.AnonymousAuthenticationFilter@4be0a27d, org.springframework.security.web.session.SessionManagementFilter@1da1380b, org.springframework.security.web.access.ExceptionTranslationFilter@67770b37, org.springframework.security.web.access.intercept.AuthorizationFilter@16a5c7e4]
2025-08-17T16:05:07.455+07:00  INFO 17344 --- [main] o.s.b.w.embedded.tomcat.TomcatWebServer  : Tomcat started on port 8080 (http) with context path ''
2025-08-17T16:05:07.463+07:00  INFO 17344 --- [main] com.bookstore.BookstoreWebApplication    : Started BookstoreWebApplication in 3.26 seconds (process running for 3.651)
2025-08-17T16:10:12.168+07:00  INFO 17344 --- [http-nio-8080-exec-1] o.a.c.c.C.[Tomcat].[localhost].[/]       : Initializing Spring DispatcherServlet 'dispatcherServlet'
2025-08-17T16:10:12.169+07:00  INFO 17344 --- [http-nio-8080-exec-1] o.s.web.servlet.DispatcherServlet        : Initializing Servlet 'dispatcherServlet'
2025-08-17T16:10:12.172+07:00  INFO 17344 --- [http-nio-8080-exec-1] o.s.web.servlet.DispatcherServlet        : Completed initialization in 1 ms
2025-08-17T16:10:12.190+07:00 DEBUG 17344 --- [http-nio-8080-exec-1] o.s.security.web.FilterChainProxy        : Securing GET /
2025-08-17T16:10:12.208+07:00 DEBUG 17344 --- [http-nio-8080-exec-1] o.s.s.w.a.AnonymousAuthenticationFilter  : Set SecurityContextHolder to anonymous SecurityContext
2025-08-17T16:10:12.210+07:00  WARN 17344 --- [http-nio-8080-exec-1] o.s.w.s.h.HandlerMappingIntrospector     : Cache miss for REQUEST dispatch to '/' (previous null). Performing MatchableHandlerMapping lookup. This is logged once only at WARN level, and every time at TRACE.
2025-08-17T16:10:12.229+07:00 DEBUG 17344 --- [http-nio-8080-exec-1] o.s.security.web.FilterChainProxy        : Secured GET /
2025-08-17T16:10:12.810+07:00 DEBUG 17344 --- [http-nio-8080-exec-2] o.s.security.web.FilterChainProxy        : Securing GET /webjars/bootstrap/5.3.2/css/bootstrap.min.css
2025-08-17T16:10:12.812+07:00 DEBUG 17344 --- [http-nio-8080-exec-3] o.s.security.web.FilterChainProxy        : Securing GET /webjars/bootstrap/5.3.2/js/bootstrap.bundle.min.js
2025-08-17T16:10:12.812+07:00 DEBUG 17344 --- [http-nio-8080-exec-2] o.s.s.w.a.AnonymousAuthenticationFilter  : Set SecurityContextHolder to anonymous SecurityContext
2025-08-17T16:10:12.813+07:00 DEBUG 17344 --- [http-nio-8080-exec-4] o.s.security.web.FilterChainProxy        : Securing GET /webjars/jquery/3.7.1/jquery.min.js
2025-08-17T16:10:12.813+07:00 DEBUG 17344 --- [http-nio-8080-exec-3] o.s.s.w.a.AnonymousAuthenticationFilter  : Set SecurityContextHolder to anonymous SecurityContext
2025-08-17T16:10:12.814+07:00 DEBUG 17344 --- [http-nio-8080-exec-4] o.s.s.w.a.AnonymousAuthenticationFilter  : Set SecurityContextHolder to anonymous SecurityContext
2025-08-17T16:10:12.840+07:00 DEBUG 17344 --- [http-nio-8080-exec-2] o.s.security.web.FilterChainProxy        : Secured GET /webjars/bootstrap/5.3.2/css/bootstrap.min.css
2025-08-17T16:10:12.841+07:00 DEBUG 17344 --- [http-nio-8080-exec-3] o.s.security.web.FilterChainProxy        : Secured GET /webjars/bootstrap/5.3.2/js/bootstrap.bundle.min.js
2025-08-17T16:10:12.847+07:00 DEBUG 17344 --- [http-nio-8080-exec-4] o.s.security.web.FilterChainProxy        : Secured GET /webjars/jquery/3.7.1/jquery.min.js
2025-08-17T16:10:13.322+07:00 DEBUG 17344 --- [http-nio-8080-exec-5] o.s.security.web.FilterChainProxy        : Securing GET /favicon.ico
2025-08-17T16:10:13.323+07:00 DEBUG 17344 --- [http-nio-8080-exec-5] o.s.s.w.a.AnonymousAuthenticationFilter  : Set SecurityContextHolder to anonymous SecurityContext
2025-08-17T16:10:13.341+07:00 DEBUG 17344 --- [http-nio-8080-exec-5] o.s.security.web.FilterChainProxy        : Secured GET /favicon.ico
2025-08-17T16:10:13.352+07:00 DEBUG 17344 --- [http-nio-8080-exec-5] o.s.security.web.FilterChainProxy        : Securing GET /error
2025-08-17T16:10:13.364+07:00 DEBUG 17344 --- [http-nio-8080-exec-5] o.s.s.w.a.AnonymousAuthenticationFilter  : Set SecurityContextHolder to anonymous SecurityContext
2025-08-17T16:10:13.371+07:00 DEBUG 17344 --- [http-nio-8080-exec-6] o.s.security.web.FilterChainProxy        : Securing GET /login?error=unauthorized
2025-08-17T16:10:13.372+07:00 DEBUG 17344 --- [http-nio-8080-exec-6] o.s.s.w.a.AnonymousAuthenticationFilter  : Set SecurityContextHolder to anonymous SecurityContext
2025-08-17T16:10:13.373+07:00 DEBUG 17344 --- [http-nio-8080-exec-6] o.s.security.web.FilterChainProxy        : Secured GET /login?error=unauthorized
2025-08-17T16:10:13.383+07:00 DEBUG 17344 --- [http-nio-8080-exec-7] o.s.security.web.FilterChainProxy        : Securing GET /auth/login
2025-08-17T16:10:13.384+07:00 DEBUG 17344 --- [http-nio-8080-exec-7] o.s.s.w.a.AnonymousAuthenticationFilter  : Set SecurityContextHolder to anonymous SecurityContext
2025-08-17T16:10:13.387+07:00 DEBUG 17344 --- [http-nio-8080-exec-7] o.s.security.web.FilterChainProxy        : Secured GET /auth/login
2025-08-17T16:10:15.192+07:00 DEBUG 17344 --- [http-nio-8080-exec-8] o.s.security.web.FilterChainProxy        : Securing GET /auth/login
2025-08-17T16:10:15.193+07:00 DEBUG 17344 --- [http-nio-8080-exec-8] o.s.s.w.a.AnonymousAuthenticationFilter  : Set SecurityContextHolder to anonymous SecurityContext
2025-08-17T16:10:15.193+07:00 DEBUG 17344 --- [http-nio-8080-exec-8] o.s.security.web.FilterChainProxy        : Secured GET /auth/login
2025-08-17T16:10:15.264+07:00 DEBUG 17344 --- [http-nio-8080-exec-9] o.s.security.web.FilterChainProxy        : Securing GET /favicon.ico
2025-08-17T16:10:15.265+07:00 DEBUG 17344 --- [http-nio-8080-exec-9] o.s.s.w.a.AnonymousAuthenticationFilter  : Set SecurityContextHolder to anonymous SecurityContext
2025-08-17T16:10:15.273+07:00 DEBUG 17344 --- [http-nio-8080-exec-9] o.s.security.web.FilterChainProxy        : Secured GET /favicon.ico
2025-08-17T16:10:15.275+07:00 DEBUG 17344 --- [http-nio-8080-exec-9] o.s.security.web.FilterChainProxy        : Securing GET /error
2025-08-17T16:10:15.280+07:00 DEBUG 17344 --- [http-nio-8080-exec-9] o.s.s.w.a.AnonymousAuthenticationFilter  : Set SecurityContextHolder to anonymous SecurityContext
2025-08-17T16:10:15.285+07:00 DEBUG 17344 --- [http-nio-8080-exec-10] o.s.security.web.FilterChainProxy        : Securing GET /login?error=unauthorized
2025-08-17T16:10:15.285+07:00 DEBUG 17344 --- [http-nio-8080-exec-10] o.s.s.w.a.AnonymousAuthenticationFilter  : Set SecurityContextHolder to anonymous SecurityContext
2025-08-17T16:10:15.287+07:00 DEBUG 17344 --- [http-nio-8080-exec-10] o.s.security.web.FilterChainProxy        : Secured GET /login?error=unauthorized
2025-08-17T16:10:15.291+07:00 DEBUG 17344 --- [http-nio-8080-exec-1] o.s.security.web.FilterChainProxy        : Securing GET /auth/login
2025-08-17T16:10:15.292+07:00 DEBUG 17344 --- [http-nio-8080-exec-1] o.s.s.w.a.AnonymousAuthenticationFilter  : Set SecurityContextHolder to anonymous SecurityContext
2025-08-17T16:10:15.292+07:00 DEBUG 17344 --- [http-nio-8080-exec-1] o.s.security.web.FilterChainProxy        : Secured GET /auth/login
2025-08-17T16:10:16.685+07:00 DEBUG 17344 --- [http-nio-8080-exec-3] o.s.security.web.FilterChainProxy        : Securing GET /auth/login
2025-08-17T16:10:16.685+07:00 DEBUG 17344 --- [http-nio-8080-exec-3] o.s.s.w.a.AnonymousAuthenticationFilter  : Set SecurityContextHolder to anonymous SecurityContext
2025-08-17T16:10:16.687+07:00 DEBUG 17344 --- [http-nio-8080-exec-3] o.s.security.web.FilterChainProxy        : Secured GET /auth/login
2025-08-17T16:10:16.742+07:00 DEBUG 17344 --- [http-nio-8080-exec-4] o.s.security.web.FilterChainProxy        : Securing GET /favicon.ico
2025-08-17T16:10:16.743+07:00 DEBUG 17344 --- [http-nio-8080-exec-4] o.s.s.w.a.AnonymousAuthenticationFilter  : Set SecurityContextHolder to anonymous SecurityContext
2025-08-17T16:10:16.749+07:00 DEBUG 17344 --- [http-nio-8080-exec-4] o.s.security.web.FilterChainProxy        : Secured GET /favicon.ico
2025-08-17T16:10:16.752+07:00 DEBUG 17344 --- [http-nio-8080-exec-4] o.s.security.web.FilterChainProxy        : Securing GET /error
2025-08-17T16:10:16.758+07:00 DEBUG 17344 --- [http-nio-8080-exec-4] o.s.s.w.a.AnonymousAuthenticationFilter  : Set SecurityContextHolder to anonymous SecurityContext
2025-08-17T16:10:16.761+07:00 DEBUG 17344 --- [http-nio-8080-exec-2] o.s.security.web.FilterChainProxy        : Securing GET /login?error=unauthorized
2025-08-17T16:10:16.762+07:00 DEBUG 17344 --- [http-nio-8080-exec-2] o.s.s.w.a.AnonymousAuthenticationFilter  : Set SecurityContextHolder to anonymous SecurityContext
2025-08-17T16:10:16.763+07:00 DEBUG 17344 --- [http-nio-8080-exec-2] o.s.security.web.FilterChainProxy        : Secured GET /login?error=unauthorized
2025-08-17T16:10:16.768+07:00 DEBUG 17344 --- [http-nio-8080-exec-5] o.s.security.web.FilterChainProxy        : Securing GET /auth/login
2025-08-17T16:10:16.769+07:00 DEBUG 17344 --- [http-nio-8080-exec-5] o.s.s.w.a.AnonymousAuthenticationFilter  : Set SecurityContextHolder to anonymous SecurityContext
2025-08-17T16:10:16.770+07:00 DEBUG 17344 --- [http-nio-8080-exec-5] o.s.security.web.FilterChainProxy        : Secured GET /auth/login
2025-08-17T16:10:17.707+07:00 DEBUG 17344 --- [http-nio-8080-exec-6] o.s.security.web.FilterChainProxy        : Securing GET /auth/signup
2025-08-17T16:10:17.708+07:00 DEBUG 17344 --- [http-nio-8080-exec-6] o.s.s.w.a.AnonymousAuthenticationFilter  : Set SecurityContextHolder to anonymous SecurityContext
2025-08-17T16:10:17.709+07:00 DEBUG 17344 --- [http-nio-8080-exec-6] o.s.security.web.FilterChainProxy        : Secured GET /auth/signup
2025-08-17T16:10:17.816+07:00 DEBUG 17344 --- [http-nio-8080-exec-7] o.s.security.web.FilterChainProxy        : Securing GET /favicon.ico
2025-08-17T16:10:17.817+07:00 DEBUG 17344 --- [http-nio-8080-exec-7] o.s.s.w.a.AnonymousAuthenticationFilter  : Set SecurityContextHolder to anonymous SecurityContext
2025-08-17T16:10:17.824+07:00 DEBUG 17344 --- [http-nio-8080-exec-7] o.s.security.web.FilterChainProxy        : Secured GET /favicon.ico
2025-08-17T16:10:17.826+07:00 DEBUG 17344 --- [http-nio-8080-exec-7] o.s.security.web.FilterChainProxy        : Securing GET /error
2025-08-17T16:10:17.832+07:00 DEBUG 17344 --- [http-nio-8080-exec-7] o.s.s.w.a.AnonymousAuthenticationFilter  : Set SecurityContextHolder to anonymous SecurityContext
2025-08-17T16:10:17.836+07:00 DEBUG 17344 --- [http-nio-8080-exec-8] o.s.security.web.FilterChainProxy        : Securing GET /login?error=unauthorized
2025-08-17T16:10:17.837+07:00 DEBUG 17344 --- [http-nio-8080-exec-8] o.s.s.w.a.AnonymousAuthenticationFilter  : Set SecurityContextHolder to anonymous SecurityContext
2025-08-17T16:10:17.837+07:00 DEBUG 17344 --- [http-nio-8080-exec-8] o.s.security.web.FilterChainProxy        : Secured GET /login?error=unauthorized
2025-08-17T16:10:17.840+07:00 DEBUG 17344 --- [http-nio-8080-exec-9] o.s.security.web.FilterChainProxy        : Securing GET /auth/login
2025-08-17T16:10:17.842+07:00 DEBUG 17344 --- [http-nio-8080-exec-9] o.s.s.w.a.AnonymousAuthenticationFilter  : Set SecurityContextHolder to anonymous SecurityContext
2025-08-17T16:10:17.843+07:00 DEBUG 17344 --- [http-nio-8080-exec-9] o.s.security.web.FilterChainProxy        : Secured GET /auth/login
2025-08-17T16:10:19.019+07:00 DEBUG 17344 --- [http-nio-8080-exec-10] o.s.security.web.FilterChainProxy        : Securing GET /
2025-08-17T16:10:19.020+07:00 DEBUG 17344 --- [http-nio-8080-exec-10] o.s.s.w.a.AnonymousAuthenticationFilter  : Set SecurityContextHolder to anonymous SecurityContext
2025-08-17T16:10:19.020+07:00 DEBUG 17344 --- [http-nio-8080-exec-10] o.s.security.web.FilterChainProxy        : Secured GET /
2025-08-17T16:10:19.077+07:00 DEBUG 17344 --- [http-nio-8080-exec-1] o.s.security.web.FilterChainProxy        : Securing GET /favicon.ico
2025-08-17T16:10:19.078+07:00 DEBUG 17344 --- [http-nio-8080-exec-1] o.s.s.w.a.AnonymousAuthenticationFilter  : Set SecurityContextHolder to anonymous SecurityContext
2025-08-17T16:10:19.086+07:00 DEBUG 17344 --- [http-nio-8080-exec-1] o.s.security.web.FilterChainProxy        : Secured GET /favicon.ico
2025-08-17T16:10:19.091+07:00 DEBUG 17344 --- [http-nio-8080-exec-1] o.s.security.web.FilterChainProxy        : Securing GET /error
2025-08-17T16:10:19.095+07:00 DEBUG 17344 --- [http-nio-8080-exec-1] o.s.s.w.a.AnonymousAuthenticationFilter  : Set SecurityContextHolder to anonymous SecurityContext
2025-08-17T16:10:19.098+07:00 DEBUG 17344 --- [http-nio-8080-exec-3] o.s.security.web.FilterChainProxy        : Securing GET /login?error=unauthorized
2025-08-17T16:10:19.099+07:00 DEBUG 17344 --- [http-nio-8080-exec-3] o.s.s.w.a.AnonymousAuthenticationFilter  : Set SecurityContextHolder to anonymous SecurityContext
2025-08-17T16:10:19.099+07:00 DEBUG 17344 --- [http-nio-8080-exec-3] o.s.security.web.FilterChainProxy        : Secured GET /login?error=unauthorized
2025-08-17T16:10:19.103+07:00 DEBUG 17344 --- [http-nio-8080-exec-4] o.s.security.web.FilterChainProxy        : Securing GET /auth/login
2025-08-17T16:10:19.104+07:00 DEBUG 17344 --- [http-nio-8080-exec-4] o.s.s.w.a.AnonymousAuthenticationFilter  : Set SecurityContextHolder to anonymous SecurityContext
2025-08-17T16:10:19.105+07:00 DEBUG 17344 --- [http-nio-8080-exec-4] o.s.security.web.FilterChainProxy        : Secured GET /auth/login
2025-08-17T16:10:19.588+07:00 DEBUG 17344 --- [http-nio-8080-exec-2] o.s.security.web.FilterChainProxy        : Securing GET /books
2025-08-17T16:10:19.588+07:00 DEBUG 17344 --- [http-nio-8080-exec-2] o.s.s.w.a.AnonymousAuthenticationFilter  : Set SecurityContextHolder to anonymous SecurityContext
2025-08-17T16:10:19.599+07:00 DEBUG 17344 --- [http-nio-8080-exec-5] o.s.security.web.FilterChainProxy        : Securing GET /login?error=unauthorized
2025-08-17T16:10:19.600+07:00 DEBUG 17344 --- [http-nio-8080-exec-5] o.s.s.w.a.AnonymousAuthenticationFilter  : Set SecurityContextHolder to anonymous SecurityContext
2025-08-17T16:10:19.601+07:00 DEBUG 17344 --- [http-nio-8080-exec-5] o.s.security.web.FilterChainProxy        : Secured GET /login?error=unauthorized
2025-08-17T16:10:19.608+07:00 DEBUG 17344 --- [http-nio-8080-exec-6] o.s.security.web.FilterChainProxy        : Securing GET /auth/login
2025-08-17T16:10:19.608+07:00 DEBUG 17344 --- [http-nio-8080-exec-6] o.s.s.w.a.AnonymousAuthenticationFilter  : Set SecurityContextHolder to anonymous SecurityContext
2025-08-17T16:10:19.609+07:00 DEBUG 17344 --- [http-nio-8080-exec-6] o.s.security.web.FilterChainProxy        : Secured GET /auth/login
2025-08-17T16:10:19.667+07:00 DEBUG 17344 --- [http-nio-8080-exec-7] o.s.security.web.FilterChainProxy        : Securing GET /favicon.ico
2025-08-17T16:10:19.669+07:00 DEBUG 17344 --- [http-nio-8080-exec-7] o.s.s.w.a.AnonymousAuthenticationFilter  : Set SecurityContextHolder to anonymous SecurityContext
2025-08-17T16:10:19.677+07:00 DEBUG 17344 --- [http-nio-8080-exec-7] o.s.security.web.FilterChainProxy        : Secured GET /favicon.ico
2025-08-17T16:10:19.679+07:00 DEBUG 17344 --- [http-nio-8080-exec-7] o.s.security.web.FilterChainProxy        : Securing GET /error
2025-08-17T16:10:19.683+07:00 DEBUG 17344 --- [http-nio-8080-exec-7] o.s.s.w.a.AnonymousAuthenticationFilter  : Set SecurityContextHolder to anonymous SecurityContext
2025-08-17T16:10:19.687+07:00 DEBUG 17344 --- [http-nio-8080-exec-8] o.s.security.web.FilterChainProxy        : Securing GET /login?error=unauthorized
2025-08-17T16:10:19.688+07:00 DEBUG 17344 --- [http-nio-8080-exec-8] o.s.s.w.a.AnonymousAuthenticationFilter  : Set SecurityContextHolder to anonymous SecurityContext
2025-08-17T16:10:19.688+07:00 DEBUG 17344 --- [http-nio-8080-exec-8] o.s.security.web.FilterChainProxy        : Secured GET /login?error=unauthorized
2025-08-17T16:10:19.693+07:00 DEBUG 17344 --- [http-nio-8080-exec-9] o.s.security.web.FilterChainProxy        : Securing GET /auth/login
2025-08-17T16:10:19.693+07:00 DEBUG 17344 --- [http-nio-8080-exec-9] o.s.s.w.a.AnonymousAuthenticationFilter  : Set SecurityContextHolder to anonymous SecurityContext
2025-08-17T16:10:19.694+07:00 DEBUG 17344 --- [http-nio-8080-exec-9] o.s.security.web.FilterChainProxy        : Secured GET /auth/login
2025-08-17T16:10:20.031+07:00 DEBUG 17344 --- [http-nio-8080-exec-10] o.s.security.web.FilterChainProxy        : Securing GET /orders
2025-08-17T16:10:20.032+07:00 DEBUG 17344 --- [http-nio-8080-exec-10] o.s.s.w.a.AnonymousAuthenticationFilter  : Set SecurityContextHolder to anonymous SecurityContext
2025-08-17T16:10:20.043+07:00 DEBUG 17344 --- [http-nio-8080-exec-1] o.s.security.web.FilterChainProxy        : Securing GET /login?error=unauthorized
2025-08-17T16:10:20.043+07:00 DEBUG 17344 --- [http-nio-8080-exec-1] o.s.s.w.a.AnonymousAuthenticationFilter  : Set SecurityContextHolder to anonymous SecurityContext
2025-08-17T16:10:20.044+07:00 DEBUG 17344 --- [http-nio-8080-exec-1] o.s.security.web.FilterChainProxy        : Secured GET /login?error=unauthorized
2025-08-17T16:10:20.052+07:00 DEBUG 17344 --- [http-nio-8080-exec-3] o.s.security.web.FilterChainProxy        : Securing GET /auth/login
2025-08-17T16:10:20.052+07:00 DEBUG 17344 --- [http-nio-8080-exec-3] o.s.s.w.a.AnonymousAuthenticationFilter  : Set SecurityContextHolder to anonymous SecurityContext
2025-08-17T16:10:20.053+07:00 DEBUG 17344 --- [http-nio-8080-exec-3] o.s.security.web.FilterChainProxy        : Secured GET /auth/login
2025-08-17T16:10:20.105+07:00 DEBUG 17344 --- [http-nio-8080-exec-4] o.s.security.web.FilterChainProxy        : Securing GET /favicon.ico
2025-08-17T16:10:20.105+07:00 DEBUG 17344 --- [http-nio-8080-exec-4] o.s.s.w.a.AnonymousAuthenticationFilter  : Set SecurityContextHolder to anonymous SecurityContext
2025-08-17T16:10:20.109+07:00 DEBUG 17344 --- [http-nio-8080-exec-4] o.s.security.web.FilterChainProxy        : Secured GET /favicon.ico
2025-08-17T16:10:20.111+07:00 DEBUG 17344 --- [http-nio-8080-exec-4] o.s.security.web.FilterChainProxy        : Securing GET /error
2025-08-17T16:10:20.113+07:00 DEBUG 17344 --- [http-nio-8080-exec-4] o.s.s.w.a.AnonymousAuthenticationFilter  : Set SecurityContextHolder to anonymous SecurityContext
2025-08-17T16:10:20.117+07:00 DEBUG 17344 --- [http-nio-8080-exec-2] o.s.security.web.FilterChainProxy        : Securing GET /login?error=unauthorized
2025-08-17T16:10:20.119+07:00 DEBUG 17344 --- [http-nio-8080-exec-2] o.s.s.w.a.AnonymousAuthenticationFilter  : Set SecurityContextHolder to anonymous SecurityContext
2025-08-17T16:10:20.122+07:00 DEBUG 17344 --- [http-nio-8080-exec-2] o.s.security.web.FilterChainProxy        : Secured GET /login?error=unauthorized
2025-08-17T16:10:20.126+07:00 DEBUG 17344 --- [http-nio-8080-exec-5] o.s.security.web.FilterChainProxy        : Securing GET /auth/login
2025-08-17T16:10:20.127+07:00 DEBUG 17344 --- [http-nio-8080-exec-5] o.s.s.w.a.AnonymousAuthenticationFilter  : Set SecurityContextHolder to anonymous SecurityContext
2025-08-17T16:10:20.128+07:00 DEBUG 17344 --- [http-nio-8080-exec-5] o.s.security.web.FilterChainProxy        : Secured GET /auth/login
2025-08-17T16:10:20.599+07:00 DEBUG 17344 --- [http-nio-8080-exec-6] o.s.security.web.FilterChainProxy        : Securing GET /customers
2025-08-17T16:10:20.599+07:00 DEBUG 17344 --- [http-nio-8080-exec-6] o.s.s.w.a.AnonymousAuthenticationFilter  : Set SecurityContextHolder to anonymous SecurityContext
2025-08-17T16:10:20.610+07:00 DEBUG 17344 --- [http-nio-8080-exec-7] o.s.security.web.FilterChainProxy        : Securing GET /login?error=unauthorized
2025-08-17T16:10:20.611+07:00 DEBUG 17344 --- [http-nio-8080-exec-7] o.s.s.w.a.AnonymousAuthenticationFilter  : Set SecurityContextHolder to anonymous SecurityContext
2025-08-17T16:10:20.612+07:00 DEBUG 17344 --- [http-nio-8080-exec-7] o.s.security.web.FilterChainProxy        : Secured GET /login?error=unauthorized
2025-08-17T16:10:20.618+07:00 DEBUG 17344 --- [http-nio-8080-exec-8] o.s.security.web.FilterChainProxy        : Securing GET /auth/login
2025-08-17T16:10:20.619+07:00 DEBUG 17344 --- [http-nio-8080-exec-8] o.s.s.w.a.AnonymousAuthenticationFilter  : Set SecurityContextHolder to anonymous SecurityContext
2025-08-17T16:10:20.620+07:00 DEBUG 17344 --- [http-nio-8080-exec-8] o.s.security.web.FilterChainProxy        : Secured GET /auth/login
2025-08-17T16:10:20.676+07:00 DEBUG 17344 --- [http-nio-8080-exec-9] o.s.security.web.FilterChainProxy        : Securing GET /favicon.ico
2025-08-17T16:10:20.677+07:00 DEBUG 17344 --- [http-nio-8080-exec-9] o.s.s.w.a.AnonymousAuthenticationFilter  : Set SecurityContextHolder to anonymous SecurityContext
2025-08-17T16:10:20.682+07:00 DEBUG 17344 --- [http-nio-8080-exec-9] o.s.security.web.FilterChainProxy        : Secured GET /favicon.ico
2025-08-17T16:10:20.687+07:00 DEBUG 17344 --- [http-nio-8080-exec-9] o.s.security.web.FilterChainProxy        : Securing GET /error
2025-08-17T16:10:20.693+07:00 DEBUG 17344 --- [http-nio-8080-exec-9] o.s.s.w.a.AnonymousAuthenticationFilter  : Set SecurityContextHolder to anonymous SecurityContext
2025-08-17T16:10:20.697+07:00 DEBUG 17344 --- [http-nio-8080-exec-10] o.s.security.web.FilterChainProxy        : Securing GET /login?error=unauthorized
2025-08-17T16:10:20.697+07:00 DEBUG 17344 --- [http-nio-8080-exec-10] o.s.s.w.a.AnonymousAuthenticationFilter  : Set SecurityContextHolder to anonymous SecurityContext
2025-08-17T16:10:20.698+07:00 DEBUG 17344 --- [http-nio-8080-exec-10] o.s.security.web.FilterChainProxy        : Secured GET /login?error=unauthorized
2025-08-17T16:10:20.703+07:00 DEBUG 17344 --- [http-nio-8080-exec-1] o.s.security.web.FilterChainProxy        : Securing GET /auth/login
2025-08-17T16:10:20.703+07:00 DEBUG 17344 --- [http-nio-8080-exec-1] o.s.s.w.a.AnonymousAuthenticationFilter  : Set SecurityContextHolder to anonymous SecurityContext
2025-08-17T16:10:20.705+07:00 DEBUG 17344 --- [http-nio-8080-exec-1] o.s.security.web.FilterChainProxy        : Secured GET /auth/login
2025-08-17T16:16:28.575+07:00 DEBUG 17344 --- [http-nio-8080-exec-5] o.s.security.web.FilterChainProxy        : Securing GET /
2025-08-17T16:16:28.575+07:00 DEBUG 17344 --- [http-nio-8080-exec-5] o.s.s.w.a.AnonymousAuthenticationFilter  : Set SecurityContextHolder to anonymous SecurityContext
2025-08-17T16:16:28.576+07:00 DEBUG 17344 --- [http-nio-8080-exec-5] o.s.security.web.FilterChainProxy        : Secured GET /
2025-08-17T16:16:28.782+07:00 DEBUG 17344 --- [http-nio-8080-exec-6] o.s.security.web.FilterChainProxy        : Securing GET /favicon.ico
2025-08-17T16:16:28.782+07:00 DEBUG 17344 --- [http-nio-8080-exec-6] o.s.s.w.a.AnonymousAuthenticationFilter  : Set SecurityContextHolder to anonymous SecurityContext
2025-08-17T16:16:28.785+07:00 DEBUG 17344 --- [http-nio-8080-exec-6] o.s.security.web.FilterChainProxy        : Secured GET /favicon.ico
2025-08-17T16:16:28.789+07:00 DEBUG 17344 --- [http-nio-8080-exec-6] o.s.security.web.FilterChainProxy        : Securing GET /error
2025-08-17T16:16:28.792+07:00 DEBUG 17344 --- [http-nio-8080-exec-6] o.s.s.w.a.AnonymousAuthenticationFilter  : Set SecurityContextHolder to anonymous SecurityContext
2025-08-17T16:16:28.795+07:00 DEBUG 17344 --- [http-nio-8080-exec-7] o.s.security.web.FilterChainProxy        : Securing GET /login?error=unauthorized
2025-08-17T16:16:28.796+07:00 DEBUG 17344 --- [http-nio-8080-exec-7] o.s.s.w.a.AnonymousAuthenticationFilter  : Set SecurityContextHolder to anonymous SecurityContext
2025-08-17T16:16:28.796+07:00 DEBUG 17344 --- [http-nio-8080-exec-7] o.s.security.web.FilterChainProxy        : Secured GET /login?error=unauthorized
2025-08-17T16:16:28.804+07:00 DEBUG 17344 --- [http-nio-8080-exec-8] o.s.security.web.FilterChainProxy        : Securing GET /auth/login
2025-08-17T16:16:28.805+07:00 DEBUG 17344 --- [http-nio-8080-exec-8] o.s.s.w.a.AnonymousAuthenticationFilter  : Set SecurityContextHolder to anonymous SecurityContext
2025-08-17T16:16:28.808+07:00 DEBUG 17344 --- [http-nio-8080-exec-8] o.s.security.web.FilterChainProxy        : Secured GET /auth/login
2025-08-17T16:16:40.530+07:00 DEBUG 17344 --- [http-nio-8080-exec-9] o.s.security.web.FilterChainProxy        : Securing GET /auth/login
2025-08-17T16:16:40.530+07:00 DEBUG 17344 --- [http-nio-8080-exec-9] o.s.s.w.a.AnonymousAuthenticationFilter  : Set SecurityContextHolder to anonymous SecurityContext
2025-08-17T16:16:40.531+07:00 DEBUG 17344 --- [http-nio-8080-exec-9] o.s.security.web.FilterChainProxy        : Secured GET /auth/login
2025-08-17T16:16:40.584+07:00 DEBUG 17344 --- [http-nio-8080-exec-10] o.s.security.web.FilterChainProxy        : Securing GET /favicon.ico
2025-08-17T16:16:40.584+07:00 DEBUG 17344 --- [http-nio-8080-exec-10] o.s.s.w.a.AnonymousAuthenticationFilter  : Set SecurityContextHolder to anonymous SecurityContext
2025-08-17T16:16:40.592+07:00 DEBUG 17344 --- [http-nio-8080-exec-10] o.s.security.web.FilterChainProxy        : Secured GET /favicon.ico
2025-08-17T16:16:40.595+07:00 DEBUG 17344 --- [http-nio-8080-exec-10] o.s.security.web.FilterChainProxy        : Securing GET /error
2025-08-17T16:16:40.596+07:00 DEBUG 17344 --- [http-nio-8080-exec-10] o.s.s.w.a.AnonymousAuthenticationFilter  : Set SecurityContextHolder to anonymous SecurityContext
2025-08-17T16:16:40.598+07:00 DEBUG 17344 --- [http-nio-8080-exec-1] o.s.security.web.FilterChainProxy        : Securing GET /login?error=unauthorized
2025-08-17T16:16:40.601+07:00 DEBUG 17344 --- [http-nio-8080-exec-1] o.s.s.w.a.AnonymousAuthenticationFilter  : Set SecurityContextHolder to anonymous SecurityContext
2025-08-17T16:16:40.601+07:00 DEBUG 17344 --- [http-nio-8080-exec-1] o.s.security.web.FilterChainProxy        : Secured GET /login?error=unauthorized
2025-08-17T16:16:40.603+07:00 DEBUG 17344 --- [http-nio-8080-exec-4] o.s.security.web.FilterChainProxy        : Securing GET /auth/login
2025-08-17T16:16:40.604+07:00 DEBUG 17344 --- [http-nio-8080-exec-4] o.s.s.w.a.AnonymousAuthenticationFilter  : Set SecurityContextHolder to anonymous SecurityContext
2025-08-17T16:16:40.604+07:00 DEBUG 17344 --- [http-nio-8080-exec-4] o.s.security.web.FilterChainProxy        : Secured GET /auth/login
